# JRE version: Java(TM) SE Runtime Environment (8.0_111-b14) (build 1.8.0_111-b14)
# Java VM: Java HotSpot(TM) 64-Bit Server VM (25.111-b14 mixed mode windows-amd64 compressed oops)
Heap:
 PSYoungGen      total 109568K, used 108333K [0x00000000f7780000, 0x0000000100000000, 0x0000000100000000)
  eden space 83968K, 98% used [0x00000000f7780000,0x00000000fc872760,0x00000000fc980000)
  from space 25600K, 99% used [0x00000000fc980000,0x00000000fe258d18,0x00000000fe280000)
  to   space 30208K, 0% used [0x00000000fe280000,0x00000000fe280000,0x0000000100000000)
 ParOldGen       total 120320K, used 78768K [0x00000000e6600000, 0x00000000edb80000, 0x00000000f7780000)
  object space 120320K, 65% used [0x00000000e6600000,0x00000000eb2ec108,0x00000000edb80000)
 Metaspace       used 93665K, capacity 105922K, committed 106132K, reserved 1140736K
  class space    used 12007K, capacity 15642K, committed 15764K, reserved 1048576K
GC Heap History (10 events):
Event: 22.872 GC heap before
{Heap before GC invocations=39 (full 4):
 PSYoungGen      total 109056K, used 89475K [0x00000000f7780000, 0x00000000fff00000, 0x0000000100000000)
  eden space 80384K, 100% used [0x00000000f7780000,0x00000000fc600000,0x00000000fc600000)
  from space 28672K, 31% used [0x00000000fe300000,0x00000000febe0d00,0x00000000fff00000)
  to   space 29184K, 0% used [0x00000000fc600000,0x00000000fc600000,0x00000000fe280000)
 ParOldGen       total 120320K, used 78728K [0x00000000e6600000, 0x00000000edb80000, 0x00000000f7780000)
  object space 120320K, 65% used [0x00000000e6600000,0x00000000eb2e2108,0x00000000edb80000)
 Metaspace       used 88482K, capacity 100818K, committed 101012K, reserved 1134592K
  class space    used 11365K, capacity 14916K, committed 14996K, reserved 1048576K
Event: 22.888 GC heap after
Heap after GC invocations=39 (full 4):
 PSYoungGen      total 109568K, used 13121K [0x00000000f7780000, 0x00000000ffd80000, 0x0000000100000000)
  eden space 80384K, 0% used [0x00000000f7780000,0x00000000f7780000,0x00000000fc600000)
  from space 29184K, 44% used [0x00000000fc600000,0x00000000fd2d0780,0x00000000fe280000)
  to   space 27648K, 0% used [0x00000000fe280000,0x00000000fe280000,0x00000000ffd80000)
 ParOldGen       total 120320K, used 78736K [0x00000000e6600000, 0x00000000edb80000, 0x00000000f7780000)
  object space 120320K, 65% used [0x00000000e6600000,0x00000000eb2e4108,0x00000000edb80000)
 Metaspace       used 88482K, capacity 100818K, committed 101012K, reserved 1134592K
  class space    used 11365K, capacity 14916K, committed 14996K, reserved 1048576K
}
Event: 23.495 GC heap before
{Heap before GC invocations=40 (full 4):
 PSYoungGen      total 109568K, used 93505K [0x00000000f7780000, 0x00000000ffd80000, 0x0000000100000000)
  eden space 80384K, 100% used [0x00000000f7780000,0x00000000fc600000,0x00000000fc600000)
  from space 29184K, 44% used [0x00000000fc600000,0x00000000fd2d0780,0x00000000fe280000)
  to   space 27648K, 0% used [0x00000000fe280000,0x00000000fe280000,0x00000000ffd80000)
 ParOldGen       total 120320K, used 78736K [0x00000000e6600000, 0x00000000edb80000, 0x00000000f7780000)
  object space 120320K, 65% used [0x00000000e6600000,0x00000000eb2e4108,0x00000000edb80000)
 Metaspace       used 88725K, capacity 101194K, committed 101396K, reserved 1136640K
  class space    used 11400K, capacity 15024K, committed 15124K, reserved 1048576K
Event: 23.518 GC heap after
Heap after GC invocations=40 (full 4):
 PSYoungGen      total 109568K, used 12531K [0x00000000f7780000, 0x00000000ffc80000, 0x0000000100000000)
  eden space 82944K, 0% used [0x00000000f7780000,0x00000000f7780000,0x00000000fc880000)
  from space 26624K, 47% used [0x00000000fe280000,0x00000000feebce00,0x00000000ffc80000)
  to   space 26624K, 0% used [0x00000000fc880000,0x00000000fc880000,0x00000000fe280000)
 ParOldGen       total 120320K, used 78744K [0x00000000e6600000, 0x00000000edb80000, 0x00000000f7780000)
  object space 120320K, 65% used [0x00000000e6600000,0x00000000eb2e6108,0x00000000edb80000)
 Metaspace       used 88725K, capacity 101194K, committed 101396K, reserved 1136640K
  class space    used 11400K, capacity 15024K, committed 15124K, reserved 1048576K
}
Event: 166.553 GC heap before
{Heap before GC invocations=41 (full 4):
 PSYoungGen      total 109568K, used 95475K [0x00000000f7780000, 0x00000000ffc80000, 0x0000000100000000)
  eden space 82944K, 100% used [0x00000000f7780000,0x00000000fc880000,0x00000000fc880000)
  from space 26624K, 47% used [0x00000000fe280000,0x00000000feebce00,0x00000000ffc80000)
  to   space 26624K, 0% used [0x00000000fc880000,0x00000000fc880000,0x00000000fe280000)
 ParOldGen       total 120320K, used 78744K [0x00000000e6600000, 0x00000000edb80000, 0x00000000f7780000)
  object space 120320K, 65% used [0x00000000e6600000,0x00000000eb2e6108,0x00000000edb80000)
 Metaspace       used 89094K, capacity 101460K, committed 101652K, reserved 1136640K
  class space    used 11417K, capacity 15030K, committed 15124K, reserved 1048576K
Event: 166.586 GC heap after
Heap after GC invocations=41 (full 4):
 PSYoungGen      total 109568K, used 13768K [0x00000000f7780000, 0x00000000ffd00000, 0x0000000100000000)
  eden space 82944K, 0% used [0x00000000f7780000,0x00000000f7780000,0x00000000fc880000)
  from space 26624K, 51% used [0x00000000fc880000,0x00000000fd5f2298,0x00000000fe280000)
  to   space 25088K, 0% used [0x00000000fe480000,0x00000000fe480000,0x00000000ffd00000)
 ParOldGen       total 120320K, used 78752K [0x00000000e6600000, 0x00000000edb80000, 0x00000000f7780000)
  object space 120320K, 65% used [0x00000000e6600000,0x00000000eb2e8108,0x00000000edb80000)
 Metaspace       used 89094K, capacity 101460K, committed 101652K, reserved 1136640K
  class space    used 11417K, capacity 15030K, committed 15124K, reserved 1048576K
}
Event: 398.669 GC heap before
{Heap before GC invocations=42 (full 4):
 PSYoungGen      total 109568K, used 95531K [0x00000000f7780000, 0x00000000ffd00000, 0x0000000100000000)
  eden space 82944K, 98% used [0x00000000f7780000,0x00000000fc758d10,0x00000000fc880000)
  from space 26624K, 51% used [0x00000000fc880000,0x00000000fd5f2298,0x00000000fe280000)
  to   space 25088K, 0% used [0x00000000fe480000,0x00000000fe480000,0x00000000ffd00000)
 ParOldGen       total 120320K, used 78752K [0x00000000e6600000, 0x00000000edb80000, 0x00000000f7780000)
  object space 120320K, 65% used [0x00000000e6600000,0x00000000eb2e8108,0x00000000edb80000)
 Metaspace       used 89170K, capacity 101472K, committed 101652K, reserved 1136640K
  class space    used 11419K, capacity 15032K, committed 15124K, reserved 1048576K
Event: 398.685 GC heap after
Heap after GC invocations=42 (full 4):
 PSYoungGen      total 109056K, used 23440K [0x00000000f7780000, 0x0000000100000000, 0x0000000100000000)
  eden space 83968K, 0% used [0x00000000f7780000,0x00000000f7780000,0x00000000fc980000)
  from space 25088K, 93% used [0x00000000fe480000,0x00000000ffb642e8,0x00000000ffd00000)
  to   space 27648K, 0% used [0x00000000fc980000,0x00000000fc980000,0x00000000fe480000)
 ParOldGen       total 120320K, used 78760K [0x00000000e6600000, 0x00000000edb80000, 0x00000000f7780000)
  object space 120320K, 65% used [0x00000000e6600000,0x00000000eb2ea108,0x00000000edb80000)
 Metaspace       used 89170K, capacity 101472K, committed 101652K, reserved 1136640K
  class space    used 11419K, capacity 15032K, committed 15124K, reserved 1048576K
}
Event: 439.363 GC heap before
{Heap before GC invocations=43 (full 4):
 PSYoungGen      total 109056K, used 107408K [0x00000000f7780000, 0x0000000100000000, 0x0000000100000000)
  eden space 83968K, 100% used [0x00000000f7780000,0x00000000fc980000,0x00000000fc980000)
  from space 25088K, 93% used [0x00000000fe480000,0x00000000ffb642e8,0x00000000ffd00000)
  to   space 27648K, 0% used [0x00000000fc980000,0x00000000fc980000,0x00000000fe480000)
 ParOldGen       total 120320K, used 78760K [0x00000000e6600000, 0x00000000edb80000, 0x00000000f7780000)
  object space 120320K, 65% used [0x00000000e6600000,0x00000000eb2ea108,0x00000000edb80000)
 Metaspace       used 91085K, capacity 103392K, committed 103572K, reserved 1138688K
  class space    used 11630K, capacity 15224K, committed 15252K, reserved 1048576K
Event: 439.387 GC heap after
Heap after GC invocations=43 (full 4):
 PSYoungGen      total 109568K, used 25443K [0x00000000f7780000, 0x0000000100000000, 0x0000000100000000)
  eden space 83968K, 0% used [0x00000000f7780000,0x00000000f7780000,0x00000000fc980000)
  from space 25600K, 99% used [0x00000000fc980000,0x00000000fe258d18,0x00000000fe280000)
  to   space 30208K, 0% used [0x00000000fe280000,0x00000000fe280000,0x0000000100000000)
 ParOldGen       total 120320K, used 78768K [0x00000000e6600000, 0x00000000edb80000, 0x00000000f7780000)
  object space 120320K, 65% used [0x00000000e6600000,0x00000000eb2ec108,0x00000000edb80000)
 Metaspace       used 91085K, capacity 103392K, committed 103572K, reserved 1138688K
  class space    used 11630K, capacity 15224K, committed 15252K, reserved 1048576K
}

